2026-06-06 22:31:18,856 [Worker-5: Loading available Gradle versions] INFO  o.e.b.c.i.u.g.PublishedGradleVersions - Gradle version information cache is not available. Remote download required.
2026-06-06 22:45:34,491 [Worker-5: Loading available Gradle versions] INFO  o.e.b.c.i.u.g.PublishedGradleVersions - Gradle version information cache is not available. Remote download required.
2026-06-06 22:48:55,180 [Worker-6: Loading available Gradle versions] INFO  o.e.b.c.i.u.g.PublishedGradleVersions - Gradle version information cache is not available. Remote download required.
2026-06-06 22:54:50,540 [Worker-5: Loading available Gradle versions] INFO  o.e.b.c.i.u.g.PublishedGradleVersions - Gradle version information cache is not available. Remote download required.
2026-06-06 23:05:11,339 [ModalContext] INFO  o.e.m.c.i.e.AbstractTransferListenerAdapter - Downloaded https://repo.maven.apache.org/maven2/ai/raics/spark-scala-archetype_2.12/3.5.6_1.0.0/spark-scala-archetype_2.12-3.5.6_1.0.0.pom
2026-06-06 23:06:34,056 [Worker-17: Launching mavenrun-ef571d26-37b9-406a-8d55-1d7b0c893aaf] INFO  o.eclipse.m2e.core.internal.Bundles - getClasspathEntries(Bundle=org.eclipse.m2e.maven.runtime_3.9.900.20250220-2013 [364])
2026-06-06 23:06:34,058 [Worker-17: Launching mavenrun-ef571d26-37b9-406a-8d55-1d7b0c893aaf] INFO  o.eclipse.m2e.core.internal.Bundles - 	Entry: C:\Users\buthar\Downloads\sts\sts-4.31.0.RELEASE\plugins\org.eclipse.m2e.maven.runtime_3.9.900.20250220-2013
2026-06-06 23:06:34,059 [Worker-17: Launching mavenrun-ef571d26-37b9-406a-8d55-1d7b0c893aaf] INFO  o.eclipse.m2e.core.internal.Bundles - 	Entry: C:\Users\buthar\Downloads\sts\sts-4.31.0.RELEASE\plugins\org.eclipse.m2e.maven.runtime_3.9.900.20250220-2013\jars\aopalliance-1.0.jar
2026-06-06 23:06:34,059 [Worker-17: Launching mavenrun-ef571d26-37b9-406a-8d55-1d7b0c893aaf] INFO  o.eclipse.m2e.core.internal.Bundles - 	Entry: C:\Users\buthar\Downloads\sts\sts-4.31.0.RELEASE\plugins\org.eclipse.m2e.maven.runtime_3.9.900.20250220-2013\jars\guice-5.1.0.jar
2026-06-06 23:06:34,060 [Worker-17: Launching mavenrun-ef571d26-37b9-406a-8d55-1d7b0c893aaf] INFO  o.eclipse.m2e.core.internal.Bundles - 	Entry: C:\Users\buthar\Downloads\sts\sts-4.31.0.RELEASE\plugins\org.eclipse.m2e.maven.runtime_3.9.900.20250220-2013\jars\httpclient-4.5.14.jar
2026-06-06 23:06:34,060 [Worker-17: Launching mavenrun-ef571d26-37b9-406a-8d55-1d7b0c893aaf] INFO  o.eclipse.m2e.core.internal.Bundles - 	Entry: C:\Users\buthar\Downloads\sts\sts-4.31.0.RELEASE\plugins\org.eclipse.m2e.maven.runtime_3.9.900.20250220-2013\jars\httpcore-4.4.16.jar
2026-06-06 23:06:34,060 [Worker-17: Launching mavenrun-ef571d26-37b9-406a-8d55-1d7b0c893aaf] INFO  o.eclipse.m2e.core.internal.Bundles - 	Entry: C:\Users\buthar\Downloads\sts\sts-4.31.0.RELEASE\plugins\org.eclipse.m2e.maven.runtime_3.9.900.20250220-2013\jars\jansi-2.4.1.jar
2026-06-06 23:06:34,060 [Worker-17: Launching mavenrun-ef571d26-37b9-406a-8d55-1d7b0c893aaf] INFO  o.eclipse.m2e.core.internal.Bundles - 	Entry: C:\Users\buthar\Downloads\sts\sts-4.31.0.RELEASE\plugins\org.eclipse.m2e.maven.runtime_3.9.900.20250220-2013\jars\jcl-over-slf4j-1.7.36.jar
2026-06-06 23:06:34,061 [Worker-17: Launching mavenrun-ef571d26-37b9-406a-8d55-1d7b0c893aaf] INFO  o.eclipse.m2e.core.internal.Bundles - 	Entry: C:\Users\buthar\Downloads\sts\sts-4.31.0.RELEASE\plugins\org.eclipse.m2e.maven.runtime_3.9.900.20250220-2013\jars\maven-artifact-3.9.9.jar
2026-06-06 23:06:34,061 [Worker-17: Launching mavenrun-ef571d26-37b9-406a-8d55-1d7b0c893aaf] INFO  o.eclipse.m2e.core.internal.Bundles - 	Entry: C:\Users\buthar\Downloads\sts\sts-4.31.0.RELEASE\plugins\org.eclipse.m2e.maven.runtime_3.9.900.20250220-2013\jars\maven-builder-support-3.9.9.jar
2026-06-06 23:06:34,061 [Worker-17: Launching mavenrun-ef571d26-37b9-406a-8d55-1d7b0c893aaf] INFO  o.eclipse.m2e.core.internal.Bundles - 	Entry: C:\Users\buthar\Downloads\sts\sts-4.31.0.RELEASE\plugins\org.eclipse.m2e.maven.runtime_3.9.900.20250220-2013\jars\maven-compat-3.9.9.jar
2026-06-06 23:06:34,061 [Worker-17: Launching mavenrun-ef571d26-37b9-406a-8d55-1d7b0c893aaf] INFO  o.eclipse.m2e.core.internal.Bundles - 	Entry: C:\Users\buthar\Downloads\sts\sts-4.31.0.RELEASE\plugins\org.eclipse.m2e.maven.runtime_3.9.900.20250220-2013\jars\maven-core-3.9.9.jar
2026-06-06 23:06:34,062 [Worker-17: Launching mavenrun-ef571d26-37b9-406a-8d55-1d7b0c893aaf] INFO  o.eclipse.m2e.core.internal.Bundles - 	Entry: C:\Users\buthar\Downloads\sts\sts-4.31.0.RELEASE\plugins\org.eclipse.m2e.maven.runtime_3.9.900.20250220-2013\jars\maven-embedder-3.9.9.jar
2026-06-06 23:06:34,062 [Worker-17: Launching mavenrun-ef571d26-37b9-406a-8d55-1d7b0c893aaf] INFO  o.eclipse.m2e.core.internal.Bundles - 	Entry: C:\Users\buthar\Downloads\sts\sts-4.31.0.RELEASE\plugins\org.eclipse.m2e.maven.runtime_3.9.900.20250220-2013\jars\maven-model-3.9.9.jar
2026-06-06 23:06:34,062 [Worker-17: Launching mavenrun-ef571d26-37b9-406a-8d55-1d7b0c893aaf] INFO  o.eclipse.m2e.core.internal.Bundles - 	Entry: C:\Users\buthar\Downloads\sts\sts-4.31.0.RELEASE\plugins\org.eclipse.m2e.maven.runtime_3.9.900.20250220-2013\jars\maven-model-builder-3.9.9.jar
2026-06-06 23:06:34,062 [Worker-17: Launching mavenrun-ef571d26-37b9-406a-8d55-1d7b0c893aaf] INFO  o.eclipse.m2e.core.internal.Bundles - 	Entry: C:\Users\buthar\Downloads\sts\sts-4.31.0.RELEASE\plugins\org.eclipse.m2e.maven.runtime_3.9.900.20250220-2013\jars\maven-plugin-api-3.9.9.jar
2026-06-06 23:06:34,062 [Worker-17: Launching mavenrun-ef571d26-37b9-406a-8d55-1d7b0c893aaf] INFO  o.eclipse.m2e.core.internal.Bundles - 	Entry: C:\Users\buthar\Downloads\sts\sts-4.31.0.RELEASE\plugins\org.eclipse.m2e.maven.runtime_3.9.900.20250220-2013\jars\maven-repository-metadata-3.9.9.jar
2026-06-06 23:06:34,063 [Worker-17: Launching mavenrun-ef571d26-37b9-406a-8d55-1d7b0c893aaf] INFO  o.eclipse.m2e.core.internal.Bundles - 	Entry: C:\Users\buthar\Downloads\sts\sts-4.31.0.RELEASE\plugins\org.eclipse.m2e.maven.runtime_3.9.900.20250220-2013\jars\maven-resolver-api-1.9.22.jar
2026-06-06 23:06:34,063 [Worker-17: Launching mavenrun-ef571d26-37b9-406a-8d55-1d7b0c893aaf] INFO  o.eclipse.m2e.core.internal.Bundles - 	Entry: C:\Users\buthar\Downloads\sts\sts-4.31.0.RELEASE\plugins\org.eclipse.m2e.maven.runtime_3.9.900.20250220-2013\jars\maven-resolver-connector-basic-1.9.22.jar
2026-06-06 23:06:34,063 [Worker-17: Launching mavenrun-ef571d26-37b9-406a-8d55-1d7b0c893aaf] INFO  o.eclipse.m2e.core.internal.Bundles - 	Entry: C:\Users\buthar\Downloads\sts\sts-4.31.0.RELEASE\plugins\org.eclipse.m2e.maven.runtime_3.9.900.20250220-2013\jars\maven-resolver-impl-1.9.22.jar
2026-06-06 23:06:34,063 [Worker-17: Launching mavenrun-ef571d26-37b9-406a-8d55-1d7b0c893aaf] INFO  o.eclipse.m2e.core.internal.Bundles - 	Entry: C:\Users\buthar\Downloads\sts\sts-4.31.0.RELEASE\plugins\org.eclipse.m2e.maven.runtime_3.9.900.20250220-2013\jars\maven-resolver-named-locks-1.9.22.jar
2026-06-06 23:06:34,064 [Worker-17: Launching mavenrun-ef571d26-37b9-406a-8d55-1d7b0c893aaf] INFO  o.eclipse.m2e.core.internal.Bundles - 	Entry: C:\Users\buthar\Downloads\sts\sts-4.31.0.RELEASE\plugins\org.eclipse.m2e.maven.runtime_3.9.900.20250220-2013\jars\maven-resolver-provider-3.9.9.jar
2026-06-06 23:06:34,064 [Worker-17: Launching mavenrun-ef571d26-37b9-406a-8d55-1d7b0c893aaf] INFO  o.eclipse.m2e.core.internal.Bundles - 	Entry: C:\Users\buthar\Downloads\sts\sts-4.31.0.RELEASE\plugins\org.eclipse.m2e.maven.runtime_3.9.900.20250220-2013\jars\maven-resolver-spi-1.9.22.jar
2026-06-06 23:06:34,064 [Worker-17: Launching mavenrun-ef571d26-37b9-406a-8d55-1d7b0c893aaf] INFO  o.eclipse.m2e.core.internal.Bundles - 	Entry: C:\Users\buthar\Downloads\sts\sts-4.31.0.RELEASE\plugins\org.eclipse.m2e.maven.runtime_3.9.900.20250220-2013\jars\maven-resolver-transport-file-1.9.22.jar
2026-06-06 23:06:34,064 [Worker-17: Launching mavenrun-ef571d26-37b9-406a-8d55-1d7b0c893aaf] INFO  o.eclipse.m2e.core.internal.Bundles - 	Entry: C:\Users\buthar\Downloads\sts\sts-4.31.0.RELEASE\plugins\org.eclipse.m2e.maven.runtime_3.9.900.20250220-2013\jars\maven-resolver-transport-http-1.9.22.jar
2026-06-06 23:06:34,064 [Worker-17: Launching mavenrun-ef571d26-37b9-406a-8d55-1d7b0c893aaf] INFO  o.eclipse.m2e.core.internal.Bundles - 	Entry: C:\Users\buthar\Downloads\sts\sts-4.31.0.RELEASE\plugins\org.eclipse.m2e.maven.runtime_3.9.900.20250220-2013\jars\maven-resolver-transport-wagon-1.9.22.jar
2026-06-06 23:06:34,065 [Worker-17: Launching mavenrun-ef571d26-37b9-406a-8d55-1d7b0c893aaf] INFO  o.eclipse.m2e.core.internal.Bundles - 	Entry: C:\Users\buthar\Downloads\sts\sts-4.31.0.RELEASE\plugins\org.eclipse.m2e.maven.runtime_3.9.900.20250220-2013\jars\maven-resolver-util-1.9.22.jar
2026-06-06 23:06:34,065 [Worker-17: Launching mavenrun-ef571d26-37b9-406a-8d55-1d7b0c893aaf] INFO  o.eclipse.m2e.core.internal.Bundles - 	Entry: C:\Users\buthar\Downloads\sts\sts-4.31.0.RELEASE\plugins\org.eclipse.m2e.maven.runtime_3.9.900.20250220-2013\jars\maven-settings-3.9.9.jar
2026-06-06 23:06:34,065 [Worker-17: Launching mavenrun-ef571d26-37b9-406a-8d55-1d7b0c893aaf] INFO  o.eclipse.m2e.core.internal.Bundles - 	Entry: C:\Users\buthar\Downloads\sts\sts-4.31.0.RELEASE\plugins\org.eclipse.m2e.maven.runtime_3.9.900.20250220-2013\jars\maven-settings-builder-3.9.9.jar
2026-06-06 23:06:34,065 [Worker-17: Launching mavenrun-ef571d26-37b9-406a-8d55-1d7b0c893aaf] INFO  o.eclipse.m2e.core.internal.Bundles - 	Entry: C:\Users\buthar\Downloads\sts\sts-4.31.0.RELEASE\plugins\org.eclipse.m2e.maven.runtime_3.9.900.20250220-2013\jars\maven-shared-utils-3.4.2.jar
2026-06-06 23:06:34,066 [Worker-17: Launching mavenrun-ef571d26-37b9-406a-8d55-1d7b0c893aaf] INFO  o.eclipse.m2e.core.internal.Bundles - 	Entry: C:\Users\buthar\Downloads\sts\sts-4.31.0.RELEASE\plugins\org.eclipse.m2e.maven.runtime_3.9.900.20250220-2013\jars\org.eclipse.sisu.inject-0.9.0.M3.jar
2026-06-06 23:06:34,066 [Worker-17: Launching mavenrun-ef571d26-37b9-406a-8d55-1d7b0c893aaf] INFO  o.eclipse.m2e.core.internal.Bundles - 	Entry: C:\Users\buthar\Downloads\sts\sts-4.31.0.RELEASE\plugins\org.eclipse.m2e.maven.runtime_3.9.900.20250220-2013\jars\org.eclipse.sisu.plexus-0.9.0.M3.jar
2026-06-06 23:06:34,066 [Worker-17: Launching mavenrun-ef571d26-37b9-406a-8d55-1d7b0c893aaf] INFO  o.eclipse.m2e.core.internal.Bundles - 	Entry: C:\Users\buthar\Downloads\sts\sts-4.31.0.RELEASE\plugins\org.eclipse.m2e.maven.runtime_3.9.900.20250220-2013\jars\plexus-build-api-0.0.7.jar
2026-06-06 23:06:34,066 [Worker-17: Launching mavenrun-ef571d26-37b9-406a-8d55-1d7b0c893aaf] INFO  o.eclipse.m2e.core.internal.Bundles - 	Entry: C:\Users\buthar\Downloads\sts\sts-4.31.0.RELEASE\plugins\org.eclipse.m2e.maven.runtime_3.9.900.20250220-2013\jars\plexus-build-api-1.2.0.jar
2026-06-06 23:06:34,067 [Worker-17: Launching mavenrun-ef571d26-37b9-406a-8d55-1d7b0c893aaf] INFO  o.eclipse.m2e.core.internal.Bundles - 	Entry: C:\Users\buthar\Downloads\sts\sts-4.31.0.RELEASE\plugins\org.eclipse.m2e.maven.runtime_3.9.900.20250220-2013\jars\plexus-cipher-2.0.jar
2026-06-06 23:06:34,067 [Worker-17: Launching mavenrun-ef571d26-37b9-406a-8d55-1d7b0c893aaf] INFO  o.eclipse.m2e.core.internal.Bundles - 	Entry: C:\Users\buthar\Downloads\sts\sts-4.31.0.RELEASE\plugins\org.eclipse.m2e.maven.runtime_3.9.900.20250220-2013\jars\plexus-classworlds-2.8.0.jar
2026-06-06 23:06:34,067 [Worker-17: Launching mavenrun-ef571d26-37b9-406a-8d55-1d7b0c893aaf] INFO  o.eclipse.m2e.core.internal.Bundles - 	Entry: C:\Users\buthar\Downloads\sts\sts-4.31.0.RELEASE\plugins\org.eclipse.m2e.maven.runtime_3.9.900.20250220-2013\jars\plexus-component-annotations-2.1.0.jar
2026-06-06 23:06:34,067 [Worker-17: Launching mavenrun-ef571d26-37b9-406a-8d55-1d7b0c893aaf] INFO  o.eclipse.m2e.core.internal.Bundles - 	Entry: C:\Users\buthar\Downloads\sts\sts-4.31.0.RELEASE\plugins\org.eclipse.m2e.maven.runtime_3.9.900.20250220-2013\jars\plexus-interpolation-1.27.jar
2026-06-06 23:06:34,068 [Worker-17: Launching mavenrun-ef571d26-37b9-406a-8d55-1d7b0c893aaf] INFO  o.eclipse.m2e.core.internal.Bundles - 	Entry: C:\Users\buthar\Downloads\sts\sts-4.31.0.RELEASE\plugins\org.eclipse.m2e.maven.runtime_3.9.900.20250220-2013\jars\plexus-sec-dispatcher-2.0.jar
2026-06-06 23:06:34,068 [Worker-17: Launching mavenrun-ef571d26-37b9-406a-8d55-1d7b0c893aaf] INFO  o.eclipse.m2e.core.internal.Bundles - 	Entry: C:\Users\buthar\Downloads\sts\sts-4.31.0.RELEASE\plugins\org.eclipse.m2e.maven.runtime_3.9.900.20250220-2013\jars\plexus-utils-3.5.1.jar
2026-06-06 23:06:34,068 [Worker-17: Launching mavenrun-ef571d26-37b9-406a-8d55-1d7b0c893aaf] INFO  o.eclipse.m2e.core.internal.Bundles - 	Entry: C:\Users\buthar\Downloads\sts\sts-4.31.0.RELEASE\plugins\org.eclipse.m2e.maven.runtime_3.9.900.20250220-2013\jars\plexus-xml-3.0.1.jar
2026-06-06 23:06:34,068 [Worker-17: Launching mavenrun-ef571d26-37b9-406a-8d55-1d7b0c893aaf] INFO  o.eclipse.m2e.core.internal.Bundles - 	Entry: C:\Users\buthar\Downloads\sts\sts-4.31.0.RELEASE\plugins\org.eclipse.m2e.maven.runtime_3.9.900.20250220-2013\jars\wagon-file-3.5.3.jar
2026-06-06 23:06:34,068 [Worker-17: Launching mavenrun-ef571d26-37b9-406a-8d55-1d7b0c893aaf] INFO  o.eclipse.m2e.core.internal.Bundles - 	Entry: C:\Users\buthar\Downloads\sts\sts-4.31.0.RELEASE\plugins\org.eclipse.m2e.maven.runtime_3.9.900.20250220-2013\jars\wagon-http-3.5.3.jar
2026-06-06 23:06:34,069 [Worker-17: Launching mavenrun-ef571d26-37b9-406a-8d55-1d7b0c893aaf] INFO  o.eclipse.m2e.core.internal.Bundles - 	Entry: C:\Users\buthar\Downloads\sts\sts-4.31.0.RELEASE\plugins\org.eclipse.m2e.maven.runtime_3.9.900.20250220-2013\jars\wagon-http-shared-3.5.3.jar
2026-06-06 23:06:34,069 [Worker-17: Launching mavenrun-ef571d26-37b9-406a-8d55-1d7b0c893aaf] INFO  o.eclipse.m2e.core.internal.Bundles - 	Entry: C:\Users\buthar\Downloads\sts\sts-4.31.0.RELEASE\plugins\org.eclipse.m2e.maven.runtime_3.9.900.20250220-2013\jars\wagon-provider-api-3.5.3.jar
2026-06-06 23:06:34,071 [Worker-17: Launching mavenrun-ef571d26-37b9-406a-8d55-1d7b0c893aaf] INFO  o.eclipse.m2e.core.internal.Bundles - getClasspathEntries(Bundle=com.google.guava_33.4.8.jre [31])
2026-06-06 23:06:34,071 [Worker-17: Launching mavenrun-ef571d26-37b9-406a-8d55-1d7b0c893aaf] INFO  o.eclipse.m2e.core.internal.Bundles - 	Entry: C:\Users\buthar\Downloads\sts\sts-4.31.0.RELEASE\plugins\com.google.guava_33.4.8.jre.jar
2026-06-06 23:06:34,072 [Worker-17: Launching mavenrun-ef571d26-37b9-406a-8d55-1d7b0c893aaf] INFO  o.eclipse.m2e.core.internal.Bundles - getClasspathEntries(Bundle=slf4j.api_2.0.17 [613])
2026-06-06 23:06:34,072 [Worker-17: Launching mavenrun-ef571d26-37b9-406a-8d55-1d7b0c893aaf] INFO  o.eclipse.m2e.core.internal.Bundles - 	Entry: C:\Users\buthar\Downloads\sts\sts-4.31.0.RELEASE\plugins\slf4j.api_2.0.17.jar
2026-06-06 23:06:34,072 [Worker-17: Launching mavenrun-ef571d26-37b9-406a-8d55-1d7b0c893aaf] INFO  o.eclipse.m2e.core.internal.Bundles - getClasspathEntries(Bundle=jakarta.inject.jakarta.inject-api_1.0.5 [46])
2026-06-06 23:06:34,073 [Worker-17: Launching mavenrun-ef571d26-37b9-406a-8d55-1d7b0c893aaf] INFO  o.eclipse.m2e.core.internal.Bundles - 	Entry: C:\Users\buthar\Downloads\sts\sts-4.31.0.RELEASE\plugins\jakarta.inject.jakarta.inject-api_1.0.5.jar
2026-06-06 23:06:34,073 [Worker-17: Launching mavenrun-ef571d26-37b9-406a-8d55-1d7b0c893aaf] INFO  o.eclipse.m2e.core.internal.Bundles - getClasspathEntries(Bundle=javax.annotation_1.3.5.v20200909-1856 [55])
2026-06-06 23:06:34,073 [Worker-17: Launching mavenrun-ef571d26-37b9-406a-8d55-1d7b0c893aaf] INFO  o.eclipse.m2e.core.internal.Bundles - 	Entry: C:\Users\buthar\Downloads\sts\sts-4.31.0.RELEASE\plugins\javax.annotation_1.3.5.v20200909-1856.jar
2026-06-06 23:06:34,074 [Worker-17: Launching mavenrun-ef571d26-37b9-406a-8d55-1d7b0c893aaf] INFO  o.eclipse.m2e.core.internal.Bundles - getClasspathEntries(Bundle=org.apache.commons.cli_1.9.0 [79])
2026-06-06 23:06:34,074 [Worker-17: Launching mavenrun-ef571d26-37b9-406a-8d55-1d7b0c893aaf] INFO  o.eclipse.m2e.core.internal.Bundles - 	Entry: C:\Users\buthar\Downloads\sts\sts-4.31.0.RELEASE\plugins\org.apache.commons.cli_1.9.0.jar
2026-06-06 23:06:34,074 [Worker-17: Launching mavenrun-ef571d26-37b9-406a-8d55-1d7b0c893aaf] INFO  o.eclipse.m2e.core.internal.Bundles - getClasspathEntries(Bundle=org.apache.commons.commons-codec_1.16.0 [81])
2026-06-06 23:06:34,075 [Worker-17: Launching mavenrun-ef571d26-37b9-406a-8d55-1d7b0c893aaf] INFO  o.eclipse.m2e.core.internal.Bundles - 	Entry: C:\Users\buthar\Downloads\sts\sts-4.31.0.RELEASE\plugins\org.apache.commons.commons-codec_1.16.0.jar
2026-06-06 23:06:34,075 [Worker-17: Launching mavenrun-ef571d26-37b9-406a-8d55-1d7b0c893aaf] INFO  o.eclipse.m2e.core.internal.Bundles - getClasspathEntries(Bundle=com.google.guava.failureaccess_1.0.3 [32])
2026-06-06 23:06:34,075 [Worker-17: Launching mavenrun-ef571d26-37b9-406a-8d55-1d7b0c893aaf] INFO  o.eclipse.m2e.core.internal.Bundles - 	Entry: C:\Users\buthar\Downloads\sts\sts-4.31.0.RELEASE\plugins\com.google.guava.failureaccess_1.0.3.jar
2026-06-06 23:06:34,086 [Worker-17: Launching mavenrun-ef571d26-37b9-406a-8d55-1d7b0c893aaf] INFO  o.e.m.i.launch.MavenLaunchDelegate - Run build in "C:\Users\buthar\AppData\Local\Temp\m2e-archetypeGenerator15768292936145025990":
2026-06-06 23:06:34,092 [Worker-17: Launching mavenrun-ef571d26-37b9-406a-8d55-1d7b0c893aaf] INFO  o.e.m.i.launch.MavenLaunchDelegate -  mvn  -DarchetypeGroupId=ai.raics -DarchetypeArtifactId=spark-scala-archetype_2.12 -DarchetypeVersion=3.5.6_1.0.0 -DgroupId=hotel -DartifactId=BACK -Dversion=0.0.1-SNAPSHOT -Dpackage=hotel.BACK -DoutputDirectory=C:\Users\buthar\Downloads\Hotel_Room_Reservation_System\Back -Dstyle.color=always -U archetype:generate
2026-06-06 23:08:26,396 [ModalContext] INFO  o.e.m.c.i.e.AbstractTransferListenerAdapter - Downloaded https://repo.maven.apache.org/maven2/org/apache/maven/archetypes/maven-archetype-quickstart/1.1/maven-archetype-quickstart-1.1.pom
2026-06-06 23:09:35,902 [Worker-17: Launching mavenrun-0d73a25a-5708-499b-9286-149d756458b4] INFO  o.eclipse.m2e.core.internal.Bundles - getClasspathEntries(Bundle=org.eclipse.m2e.maven.runtime_3.9.900.20250220-2013 [364])
2026-06-06 23:09:35,907 [Worker-17: Launching mavenrun-0d73a25a-5708-499b-9286-149d756458b4] INFO  o.eclipse.m2e.core.internal.Bundles - 	Entry: C:\Users\buthar\Downloads\sts\sts-4.31.0.RELEASE\plugins\org.eclipse.m2e.maven.runtime_3.9.900.20250220-2013
2026-06-06 23:09:35,909 [Worker-17: Launching mavenrun-0d73a25a-5708-499b-9286-149d756458b4] INFO  o.eclipse.m2e.core.internal.Bundles - 	Entry: C:\Users\buthar\Downloads\sts\sts-4.31.0.RELEASE\plugins\org.eclipse.m2e.maven.runtime_3.9.900.20250220-2013\jars\aopalliance-1.0.jar
2026-06-06 23:09:35,911 [Worker-17: Launching mavenrun-0d73a25a-5708-499b-9286-149d756458b4] INFO  o.eclipse.m2e.core.internal.Bundles - 	Entry: C:\Users\buthar\Downloads\sts\sts-4.31.0.RELEASE\plugins\org.eclipse.m2e.maven.runtime_3.9.900.20250220-2013\jars\guice-5.1.0.jar
2026-06-06 23:09:35,912 [Worker-17: Launching mavenrun-0d73a25a-5708-499b-9286-149d756458b4] INFO  o.eclipse.m2e.core.internal.Bundles - 	Entry: C:\Users\buthar\Downloads\sts\sts-4.31.0.RELEASE\plugins\org.eclipse.m2e.maven.runtime_3.9.900.20250220-2013\jars\httpclient-4.5.14.jar
2026-06-06 23:09:35,913 [Worker-17: Launching mavenrun-0d73a25a-5708-499b-9286-149d756458b4] INFO  o.eclipse.m2e.core.internal.Bundles - 	Entry: C:\Users\buthar\Downloads\sts\sts-4.31.0.RELEASE\plugins\org.eclipse.m2e.maven.runtime_3.9.900.20250220-2013\jars\httpcore-4.4.16.jar
2026-06-06 23:09:35,915 [Worker-17: Launching mavenrun-0d73a25a-5708-499b-9286-149d756458b4] INFO  o.eclipse.m2e.core.internal.Bundles - 	Entry: C:\Users\buthar\Downloads\sts\sts-4.31.0.RELEASE\plugins\org.eclipse.m2e.maven.runtime_3.9.900.20250220-2013\jars\jansi-2.4.1.jar
2026-06-06 23:09:35,916 [Worker-17: Launching mavenrun-0d73a25a-5708-499b-9286-149d756458b4] INFO  o.eclipse.m2e.core.internal.Bundles - 	Entry: C:\Users\buthar\Downloads\sts\sts-4.31.0.RELEASE\plugins\org.eclipse.m2e.maven.runtime_3.9.900.20250220-2013\jars\jcl-over-slf4j-1.7.36.jar
2026-06-06 23:09:35,917 [Worker-17: Launching mavenrun-0d73a25a-5708-499b-9286-149d756458b4] INFO  o.eclipse.m2e.core.internal.Bundles - 	Entry: C:\Users\buthar\Downloads\sts\sts-4.31.0.RELEASE\plugins\org.eclipse.m2e.maven.runtime_3.9.900.20250220-2013\jars\maven-artifact-3.9.9.jar
2026-06-06 23:09:35,918 [Worker-17: Launching mavenrun-0d73a25a-5708-499b-9286-149d756458b4] INFO  o.eclipse.m2e.core.internal.Bundles - 	Entry: C:\Users\buthar\Downloads\sts\sts-4.31.0.RELEASE\plugins\org.eclipse.m2e.maven.runtime_3.9.900.20250220-2013\jars\maven-builder-support-3.9.9.jar
2026-06-06 23:09:35,919 [Worker-17: Launching mavenrun-0d73a25a-5708-499b-9286-149d756458b4] INFO  o.eclipse.m2e.core.internal.Bundles - 	Entry: C:\Users\buthar\Downloads\sts\sts-4.31.0.RELEASE\plugins\org.eclipse.m2e.maven.runtime_3.9.900.20250220-2013\jars\maven-compat-3.9.9.jar
2026-06-06 23:09:35,920 [Worker-17: Launching mavenrun-0d73a25a-5708-499b-9286-149d756458b4] INFO  o.eclipse.m2e.core.internal.Bundles - 	Entry: C:\Users\buthar\Downloads\sts\sts-4.31.0.RELEASE\plugins\org.eclipse.m2e.maven.runtime_3.9.900.20250220-2013\jars\maven-core-3.9.9.jar
2026-06-06 23:09:35,921 [Worker-17: Launching mavenrun-0d73a25a-5708-499b-9286-149d756458b4] INFO  o.eclipse.m2e.core.internal.Bundles - 	Entry: C:\Users\buthar\Downloads\sts\sts-4.31.0.RELEASE\plugins\org.eclipse.m2e.maven.runtime_3.9.900.20250220-2013\jars\maven-embedder-3.9.9.jar
2026-06-06 23:09:35,922 [Worker-17: Launching mavenrun-0d73a25a-5708-499b-9286-149d756458b4] INFO  o.eclipse.m2e.core.internal.Bundles - 	Entry: C:\Users\buthar\Downloads\sts\sts-4.31.0.RELEASE\plugins\org.eclipse.m2e.maven.runtime_3.9.900.20250220-2013\jars\maven-model-3.9.9.jar
2026-06-06 23:09:35,923 [Worker-17: Launching mavenrun-0d73a25a-5708-499b-9286-149d756458b4] INFO  o.eclipse.m2e.core.internal.Bundles - 	Entry: C:\Users\buthar\Downloads\sts\sts-4.31.0.RELEASE\plugins\org.eclipse.m2e.maven.runtime_3.9.900.20250220-2013\jars\maven-model-builder-3.9.9.jar
2026-06-06 23:09:35,924 [Worker-17: Launching mavenrun-0d73a25a-5708-499b-9286-149d756458b4] INFO  o.eclipse.m2e.core.internal.Bundles - 	Entry: C:\Users\buthar\Downloads\sts\sts-4.31.0.RELEASE\plugins\org.eclipse.m2e.maven.runtime_3.9.900.20250220-2013\jars\maven-plugin-api-3.9.9.jar
2026-06-06 23:09:35,925 [Worker-17: Launching mavenrun-0d73a25a-5708-499b-9286-149d756458b4] INFO  o.eclipse.m2e.core.internal.Bundles - 	Entry: C:\Users\buthar\Downloads\sts\sts-4.31.0.RELEASE\plugins\org.eclipse.m2e.maven.runtime_3.9.900.20250220-2013\jars\maven-repository-metadata-3.9.9.jar
2026-06-06 23:09:35,926 [Worker-17: Launching mavenrun-0d73a25a-5708-499b-9286-149d756458b4] INFO  o.eclipse.m2e.core.internal.Bundles - 	Entry: C:\Users\buthar\Downloads\sts\sts-4.31.0.RELEASE\plugins\org.eclipse.m2e.maven.runtime_3.9.900.20250220-2013\jars\maven-resolver-api-1.9.22.jar
2026-06-06 23:09:35,927 [Worker-17: Launching mavenrun-0d73a25a-5708-499b-9286-149d756458b4] INFO  o.eclipse.m2e.core.internal.Bundles - 	Entry: C:\Users\buthar\Downloads\sts\sts-4.31.0.RELEASE\plugins\org.eclipse.m2e.maven.runtime_3.9.900.20250220-2013\jars\maven-resolver-connector-basic-1.9.22.jar
2026-06-06 23:09:35,928 [Worker-17: Launching mavenrun-0d73a25a-5708-499b-9286-149d756458b4] INFO  o.eclipse.m2e.core.internal.Bundles - 	Entry: C:\Users\buthar\Downloads\sts\sts-4.31.0.RELEASE\plugins\org.eclipse.m2e.maven.runtime_3.9.900.20250220-2013\jars\maven-resolver-impl-1.9.22.jar
2026-06-06 23:09:35,929 [Worker-17: Launching mavenrun-0d73a25a-5708-499b-9286-149d756458b4] INFO  o.eclipse.m2e.core.internal.Bundles - 	Entry: C:\Users\buthar\Downloads\sts\sts-4.31.0.RELEASE\plugins\org.eclipse.m2e.maven.runtime_3.9.900.20250220-2013\jars\maven-resolver-named-locks-1.9.22.jar
2026-06-06 23:09:35,930 [Worker-17: Launching mavenrun-0d73a25a-5708-499b-9286-149d756458b4] INFO  o.eclipse.m2e.core.internal.Bundles - 	Entry: C:\Users\buthar\Downloads\sts\sts-4.31.0.RELEASE\plugins\org.eclipse.m2e.maven.runtime_3.9.900.20250220-2013\jars\maven-resolver-provider-3.9.9.jar
2026-06-06 23:09:35,931 [Worker-17: Launching mavenrun-0d73a25a-5708-499b-9286-149d756458b4] INFO  o.eclipse.m2e.core.internal.Bundles - 	Entry: C:\Users\buthar\Downloads\sts\sts-4.31.0.RELEASE\plugins\org.eclipse.m2e.maven.runtime_3.9.900.20250220-2013\jars\maven-resolver-spi-1.9.22.jar
2026-06-06 23:09:35,932 [Worker-17: Launching mavenrun-0d73a25a-5708-499b-9286-149d756458b4] INFO  o.eclipse.m2e.core.internal.Bundles - 	Entry: C:\Users\buthar\Downloads\sts\sts-4.31.0.RELEASE\plugins\org.eclipse.m2e.maven.runtime_3.9.900.20250220-2013\jars\maven-resolver-transport-file-1.9.22.jar
2026-06-06 23:09:35,934 [Worker-17: Launching mavenrun-0d73a25a-5708-499b-9286-149d756458b4] INFO  o.eclipse.m2e.core.internal.Bundles - 	Entry: C:\Users\buthar\Downloads\sts\sts-4.31.0.RELEASE\plugins\org.eclipse.m2e.maven.runtime_3.9.900.20250220-2013\jars\maven-resolver-transport-http-1.9.22.jar
2026-06-06 23:09:35,935 [Worker-17: Launching mavenrun-0d73a25a-5708-499b-9286-149d756458b4] INFO  o.eclipse.m2e.core.internal.Bundles - 	Entry: C:\Users\buthar\Downloads\sts\sts-4.31.0.RELEASE\plugins\org.eclipse.m2e.maven.runtime_3.9.900.20250220-2013\jars\maven-resolver-transport-wagon-1.9.22.jar
2026-06-06 23:09:35,936 [Worker-17: Launching mavenrun-0d73a25a-5708-499b-9286-149d756458b4] INFO  o.eclipse.m2e.core.internal.Bundles - 	Entry: C:\Users\buthar\Downloads\sts\sts-4.31.0.RELEASE\plugins\org.eclipse.m2e.maven.runtime_3.9.900.20250220-2013\jars\maven-resolver-util-1.9.22.jar
2026-06-06 23:09:35,936 [Worker-17: Launching mavenrun-0d73a25a-5708-499b-9286-149d756458b4] INFO  o.eclipse.m2e.core.internal.Bundles - 	Entry: C:\Users\buthar\Downloads\sts\sts-4.31.0.RELEASE\plugins\org.eclipse.m2e.maven.runtime_3.9.900.20250220-2013\jars\maven-settings-3.9.9.jar
2026-06-06 23:09:35,937 [Worker-17: Launching mavenrun-0d73a25a-5708-499b-9286-149d756458b4] INFO  o.eclipse.m2e.core.internal.Bundles - 	Entry: C:\Users\buthar\Downloads\sts\sts-4.31.0.RELEASE\plugins\org.eclipse.m2e.maven.runtime_3.9.900.20250220-2013\jars\maven-settings-builder-3.9.9.jar
2026-06-06 23:09:35,938 [Worker-17: Launching mavenrun-0d73a25a-5708-499b-9286-149d756458b4] INFO  o.eclipse.m2e.core.internal.Bundles - 	Entry: C:\Users\buthar\Downloads\sts\sts-4.31.0.RELEASE\plugins\org.eclipse.m2e.maven.runtime_3.9.900.20250220-2013\jars\maven-shared-utils-3.4.2.jar
2026-06-06 23:09:35,938 [Worker-17: Launching mavenrun-0d73a25a-5708-499b-9286-149d756458b4] INFO  o.eclipse.m2e.core.internal.Bundles - 	Entry: C:\Users\buthar\Downloads\sts\sts-4.31.0.RELEASE\plugins\org.eclipse.m2e.maven.runtime_3.9.900.20250220-2013\jars\org.eclipse.sisu.inject-0.9.0.M3.jar
2026-06-06 23:09:35,939 [Worker-17: Launching mavenrun-0d73a25a-5708-499b-9286-149d756458b4] INFO  o.eclipse.m2e.core.internal.Bundles - 	Entry: C:\Users\buthar\Downloads\sts\sts-4.31.0.RELEASE\plugins\org.eclipse.m2e.maven.runtime_3.9.900.20250220-2013\jars\org.eclipse.sisu.plexus-0.9.0.M3.jar
2026-06-06 23:09:35,939 [Worker-17: Launching mavenrun-0d73a25a-5708-499b-9286-149d756458b4] INFO  o.eclipse.m2e.core.internal.Bundles - 	Entry: C:\Users\buthar\Downloads\sts\sts-4.31.0.RELEASE\plugins\org.eclipse.m2e.maven.runtime_3.9.900.20250220-2013\jars\plexus-build-api-0.0.7.jar
2026-06-06 23:09:35,939 [Worker-17: Launching mavenrun-0d73a25a-5708-499b-9286-149d756458b4] INFO  o.eclipse.m2e.core.internal.Bundles - 	Entry: C:\Users\buthar\Downloads\sts\sts-4.31.0.RELEASE\plugins\org.eclipse.m2e.maven.runtime_3.9.900.20250220-2013\jars\plexus-build-api-1.2.0.jar
2026-06-06 23:09:35,939 [Worker-17: Launching mavenrun-0d73a25a-5708-499b-9286-149d756458b4] INFO  o.eclipse.m2e.core.internal.Bundles - 	Entry: C:\Users\buthar\Downloads\sts\sts-4.31.0.RELEASE\plugins\org.eclipse.m2e.maven.runtime_3.9.900.20250220-2013\jars\plexus-cipher-2.0.jar
2026-06-06 23:09:35,940 [Worker-17: Launching mavenrun-0d73a25a-5708-499b-9286-149d756458b4] INFO  o.eclipse.m2e.core.internal.Bundles - 	Entry: C:\Users\buthar\Downloads\sts\sts-4.31.0.RELEASE\plugins\org.eclipse.m2e.maven.runtime_3.9.900.20250220-2013\jars\plexus-classworlds-2.8.0.jar
2026-06-06 23:09:35,940 [Worker-17: Launching mavenrun-0d73a25a-5708-499b-9286-149d756458b4] INFO  o.eclipse.m2e.core.internal.Bundles - 	Entry: C:\Users\buthar\Downloads\sts\sts-4.31.0.RELEASE\plugins\org.eclipse.m2e.maven.runtime_3.9.900.20250220-2013\jars\plexus-component-annotations-2.1.0.jar
2026-06-06 23:09:35,940 [Worker-17: Launching mavenrun-0d73a25a-5708-499b-9286-149d756458b4] INFO  o.eclipse.m2e.core.internal.Bundles - 	Entry: C:\Users\buthar\Downloads\sts\sts-4.31.0.RELEASE\plugins\org.eclipse.m2e.maven.runtime_3.9.900.20250220-2013\jars\plexus-interpolation-1.27.jar
2026-06-06 23:09:35,941 [Worker-17: Launching mavenrun-0d73a25a-5708-499b-9286-149d756458b4] INFO  o.eclipse.m2e.core.internal.Bundles - 	Entry: C:\Users\buthar\Downloads\sts\sts-4.31.0.RELEASE\plugins\org.eclipse.m2e.maven.runtime_3.9.900.20250220-2013\jars\plexus-sec-dispatcher-2.0.jar
2026-06-06 23:09:35,942 [Worker-17: Launching mavenrun-0d73a25a-5708-499b-9286-149d756458b4] INFO  o.eclipse.m2e.core.internal.Bundles - 	Entry: C:\Users\buthar\Downloads\sts\sts-4.31.0.RELEASE\plugins\org.eclipse.m2e.maven.runtime_3.9.900.20250220-2013\jars\plexus-utils-3.5.1.jar
2026-06-06 23:09:35,944 [Worker-17: Launching mavenrun-0d73a25a-5708-499b-9286-149d756458b4] INFO  o.eclipse.m2e.core.internal.Bundles - 	Entry: C:\Users\buthar\Downloads\sts\sts-4.31.0.RELEASE\plugins\org.eclipse.m2e.maven.runtime_3.9.900.20250220-2013\jars\plexus-xml-3.0.1.jar
2026-06-06 23:09:35,946 [Worker-17: Launching mavenrun-0d73a25a-5708-499b-9286-149d756458b4] INFO  o.eclipse.m2e.core.internal.Bundles - 	Entry: C:\Users\buthar\Downloads\sts\sts-4.31.0.RELEASE\plugins\org.eclipse.m2e.maven.runtime_3.9.900.20250220-2013\jars\wagon-file-3.5.3.jar
2026-06-06 23:09:35,946 [Worker-17: Launching mavenrun-0d73a25a-5708-499b-9286-149d756458b4] INFO  o.eclipse.m2e.core.internal.Bundles - 	Entry: C:\Users\buthar\Downloads\sts\sts-4.31.0.RELEASE\plugins\org.eclipse.m2e.maven.runtime_3.9.900.20250220-2013\jars\wagon-http-3.5.3.jar
2026-06-06 23:09:35,947 [Worker-17: Launching mavenrun-0d73a25a-5708-499b-9286-149d756458b4] INFO  o.eclipse.m2e.core.internal.Bundles - 	Entry: C:\Users\buthar\Downloads\sts\sts-4.31.0.RELEASE\plugins\org.eclipse.m2e.maven.runtime_3.9.900.20250220-2013\jars\wagon-http-shared-3.5.3.jar
2026-06-06 23:09:35,948 [Worker-17: Launching mavenrun-0d73a25a-5708-499b-9286-149d756458b4] INFO  o.eclipse.m2e.core.internal.Bundles - 	Entry: C:\Users\buthar\Downloads\sts\sts-4.31.0.RELEASE\plugins\org.eclipse.m2e.maven.runtime_3.9.900.20250220-2013\jars\wagon-provider-api-3.5.3.jar
2026-06-06 23:09:35,950 [Worker-17: Launching mavenrun-0d73a25a-5708-499b-9286-149d756458b4] INFO  o.eclipse.m2e.core.internal.Bundles - getClasspathEntries(Bundle=com.google.guava_33.4.8.jre [31])
2026-06-06 23:09:35,953 [Worker-17: Launching mavenrun-0d73a25a-5708-499b-9286-149d756458b4] INFO  o.eclipse.m2e.core.internal.Bundles - 	Entry: C:\Users\buthar\Downloads\sts\sts-4.31.0.RELEASE\plugins\com.google.guava_33.4.8.jre.jar
2026-06-06 23:09:35,953 [Worker-17: Launching mavenrun-0d73a25a-5708-499b-9286-149d756458b4] INFO  o.eclipse.m2e.core.internal.Bundles - getClasspathEntries(Bundle=slf4j.api_2.0.17 [613])
2026-06-06 23:09:35,957 [Worker-17: Launching mavenrun-0d73a25a-5708-499b-9286-149d756458b4] INFO  o.eclipse.m2e.core.internal.Bundles - 	Entry: C:\Users\buthar\Downloads\sts\sts-4.31.0.RELEASE\plugins\slf4j.api_2.0.17.jar
2026-06-06 23:09:35,957 [Worker-17: Launching mavenrun-0d73a25a-5708-499b-9286-149d756458b4] INFO  o.eclipse.m2e.core.internal.Bundles - getClasspathEntries(Bundle=jakarta.inject.jakarta.inject-api_1.0.5 [46])
2026-06-06 23:09:35,960 [Worker-17: Launching mavenrun-0d73a25a-5708-499b-9286-149d756458b4] INFO  o.eclipse.m2e.core.internal.Bundles - 	Entry: C:\Users\buthar\Downloads\sts\sts-4.31.0.RELEASE\plugins\jakarta.inject.jakarta.inject-api_1.0.5.jar
2026-06-06 23:09:35,960 [Worker-17: Launching mavenrun-0d73a25a-5708-499b-9286-149d756458b4] INFO  o.eclipse.m2e.core.internal.Bundles - getClasspathEntries(Bundle=javax.annotation_1.3.5.v20200909-1856 [55])
2026-06-06 23:09:35,962 [Worker-17: Launching mavenrun-0d73a25a-5708-499b-9286-149d756458b4] INFO  o.eclipse.m2e.core.internal.Bundles - 	Entry: C:\Users\buthar\Downloads\sts\sts-4.31.0.RELEASE\plugins\javax.annotation_1.3.5.v20200909-1856.jar
2026-06-06 23:09:35,962 [Worker-17: Launching mavenrun-0d73a25a-5708-499b-9286-149d756458b4] INFO  o.eclipse.m2e.core.internal.Bundles - getClasspathEntries(Bundle=org.apache.commons.cli_1.9.0 [79])
2026-06-06 23:09:35,964 [Worker-17: Launching mavenrun-0d73a25a-5708-499b-9286-149d756458b4] INFO  o.eclipse.m2e.core.internal.Bundles - 	Entry: C:\Users\buthar\Downloads\sts\sts-4.31.0.RELEASE\plugins\org.apache.commons.cli_1.9.0.jar
2026-06-06 23:09:35,964 [Worker-17: Launching mavenrun-0d73a25a-5708-499b-9286-149d756458b4] INFO  o.eclipse.m2e.core.internal.Bundles - getClasspathEntries(Bundle=org.apache.commons.commons-codec_1.16.0 [81])
2026-06-06 23:09:35,967 [Worker-17: Launching mavenrun-0d73a25a-5708-499b-9286-149d756458b4] INFO  o.eclipse.m2e.core.internal.Bundles - 	Entry: C:\Users\buthar\Downloads\sts\sts-4.31.0.RELEASE\plugins\org.apache.commons.commons-codec_1.16.0.jar
2026-06-06 23:09:35,967 [Worker-17: Launching mavenrun-0d73a25a-5708-499b-9286-149d756458b4] INFO  o.eclipse.m2e.core.internal.Bundles - getClasspathEntries(Bundle=com.google.guava.failureaccess_1.0.3 [32])
2026-06-06 23:09:35,968 [Worker-17: Launching mavenrun-0d73a25a-5708-499b-9286-149d756458b4] INFO  o.eclipse.m2e.core.internal.Bundles - 	Entry: C:\Users\buthar\Downloads\sts\sts-4.31.0.RELEASE\plugins\com.google.guava.failureaccess_1.0.3.jar
2026-06-06 23:09:35,974 [Worker-17: Launching mavenrun-0d73a25a-5708-499b-9286-149d756458b4] INFO  o.e.m.i.launch.MavenLaunchDelegate - Run build in "C:\Users\buthar\AppData\Local\Temp\m2e-archetypeGenerator15287483667632528402":
2026-06-06 23:09:35,975 [Worker-17: Launching mavenrun-0d73a25a-5708-499b-9286-149d756458b4] INFO  o.e.m.i.launch.MavenLaunchDelegate -  mvn  -DarchetypeGroupId=org.apache.maven.archetypes -DarchetypeArtifactId=maven-archetype-quickstart -DarchetypeVersion=1.1 -DgroupId=hotel -DartifactId=htl -Dversion=0.0.1-SNAPSHOT -Dpackage=hotel.htl -DoutputDirectory=C:\Users\buthar\Downloads\Hotel_Room_Reservation_System\Back -Dstyle.color=always -U archetype:generate
